2020-03-09T16:07:23.296Z - error: Error during processing request at http://localhost:5488/api/validate-import?fullImport=false&targetFolder=G3i2B3, details: Error: end of central directory record signature not found
    at /Users/franzmedrano/Documents/Workspace/Projects/Reports-Project/app/jsreport/node_modules/yauzl/index.js:187:14
    at /Users/franzmedrano/Documents/Workspace/Projects/Reports-Project/app/jsreport/node_modules/yauzl/index.js:631:5
    at /Users/franzmedrano/Documents/Workspace/Projects/Reports-Project/app/jsreport/node_modules/fd-slicer/index.js:32:7
    at FSReqCallback.wrapper [as oncomplete] (fs.js:487:5)
2020-03-09T16:07:49.236Z - error: Error during processing request at http://localhost:5488/api/validate-import?fullImport=false&targetFolder=G3i2B3, details: Error: end of central directory record signature not found
    at /Users/franzmedrano/Documents/Workspace/Projects/Reports-Project/app/jsreport/node_modules/yauzl/index.js:187:14
    at /Users/franzmedrano/Documents/Workspace/Projects/Reports-Project/app/jsreport/node_modules/yauzl/index.js:631:5
    at /Users/franzmedrano/Documents/Workspace/Projects/Reports-Project/app/jsreport/node_modules/fd-slicer/index.js:32:7
    at FSReqCallback.wrapper [as oncomplete] (fs.js:487:5)
2020-03-09T16:08:04.288Z - error: Error during processing request at http://localhost:5488/api/validate-import?fullImport=true&targetFolder=G3i2B3, details: Error: end of central directory record signature not found
    at /Users/franzmedrano/Documents/Workspace/Projects/Reports-Project/app/jsreport/node_modules/yauzl/index.js:187:14
    at /Users/franzmedrano/Documents/Workspace/Projects/Reports-Project/app/jsreport/node_modules/yauzl/index.js:631:5
    at /Users/franzmedrano/Documents/Workspace/Projects/Reports-Project/app/jsreport/node_modules/fd-slicer/index.js:32:7
    at FSReqCallback.wrapper [as oncomplete] (fs.js:487:5)
2020-03-09T16:08:12.372Z - error: Error during processing request at http://localhost:5488/api/validate-import?fullImport=false&targetFolder=G3i2B3, details: Error: end of central directory record signature not found
    at /Users/franzmedrano/Documents/Workspace/Projects/Reports-Project/app/jsreport/node_modules/yauzl/index.js:187:14
    at /Users/franzmedrano/Documents/Workspace/Projects/Reports-Project/app/jsreport/node_modules/yauzl/index.js:631:5
    at /Users/franzmedrano/Documents/Workspace/Projects/Reports-Project/app/jsreport/node_modules/fd-slicer/index.js:32:7
    at FSReqCallback.wrapper [as oncomplete] (fs.js:487:5)
2020-03-09T19:05:50.356Z - error: Error during processing request at http://localhost:5488/api/report/invoice-main, details: SyntaxError: Unexpected string in JSON at position 71
    at JSON.parse (<anonymous>)
    at normalizeJSONData (/Users/franzmedrano/Documents/Workspace/Projects/Reports-Project/app/jsreport/node_modules/jsreport-core/lib/render/request.js:47:17)
    at module.exports (/Users/franzmedrano/Documents/Workspace/Projects/Reports-Project/app/jsreport/node_modules/jsreport-core/lib/render/request.js:30:23)
    at module.exports (/Users/franzmedrano/Documents/Workspace/Projects/Reports-Project/app/jsreport/node_modules/jsreport-core/lib/render/render.js:114:19)
    at Reporter.render (/Users/franzmedrano/Documents/Workspace/Projects/Reports-Project/app/jsreport/node_modules/jsreport-core/lib/reporter.js:320:12)
    at Object.reporter.express.render (/Users/franzmedrano/Documents/Workspace/Projects/Reports-Project/app/jsreport/node_modules/jsreport-express/lib/routes.js:42:14)
    at /Users/franzmedrano/Documents/Workspace/Projects/Reports-Project/app/jsreport/node_modules/jsreport-express/lib/routes.js:75:22
    at Layer.handle [as handle_request] (/Users/franzmedrano/Documents/Workspace/Projects/Reports-Project/app/jsreport/node_modules/express/lib/router/layer.js:95:5)
    at next (/Users/franzmedrano/Documents/Workspace/Projects/Reports-Project/app/jsreport/node_modules/express/lib/router/route.js:137:13)
    at Route.dispatch (/Users/franzmedrano/Documents/Workspace/Projects/Reports-Project/app/jsreport/node_modules/express/lib/router/route.js:112:3)
    at Layer.handle [as handle_request] (/Users/franzmedrano/Documents/Workspace/Projects/Reports-Project/app/jsreport/node_modules/express/lib/router/layer.js:95:5)
    at /Users/franzmedrano/Documents/Workspace/Projects/Reports-Project/app/jsreport/node_modules/express/lib/router/index.js:281:22
    at param (/Users/franzmedrano/Documents/Workspace/Projects/Reports-Project/app/jsreport/node_modules/express/lib/router/index.js:354:14)
    at param (/Users/franzmedrano/Documents/Workspace/Projects/Reports-Project/app/jsreport/node_modules/express/lib/router/index.js:365:14)
    at Function.process_params (/Users/franzmedrano/Documents/Workspace/Projects/Reports-Project/app/jsreport/node_modules/express/lib/router/index.js:410:3)
    at next (/Users/franzmedrano/Documents/Workspace/Projects/Reports-Project/app/jsreport/node_modules/express/lib/router/index.js:275:10)
    at /Users/franzmedrano/Documents/Workspace/Projects/Reports-Project/app/jsreport/node_modules/jsreport-express/lib/routes.js:17:5
    at Layer.handle [as handle_request] (/Users/franzmedrano/Documents/Workspace/Projects/Reports-Project/app/jsreport/node_modules/express/lib/router/layer.js:95:5)
    at trim_prefix (/Users/franzmedrano/Documents/Workspace/Projects/Reports-Project/app/jsreport/node_modules/express/lib/router/index.js:317:13)
    at /Users/franzmedrano/Documents/Workspace/Projects/Reports-Project/app/jsreport/node_modules/express/lib/router/index.js:284:7
    at Function.process_params (/Users/franzmedrano/Documents/Workspace/Projects/Reports-Project/app/jsreport/node_modules/express/lib/router/index.js:335:12)
    at next (/Users/franzmedrano/Documents/Workspace/Projects/Reports-Project/app/jsreport/node_modules/express/lib/router/index.js:275:10)
    at /Users/franzmedrano/Documents/Workspace/Projects/Reports-Project/app/jsreport/node_modules/jsreport-studio/lib/studio.js:446:7
    at Layer.handle [as handle_request] (/Users/franzmedrano/Documents/Workspace/Projects/Reports-Project/app/jsreport/node_modules/express/lib/router/layer.js:95:5)
    at trim_prefix (/Users/franzmedrano/Documents/Workspace/Projects/Reports-Project/app/jsreport/node_modules/express/lib/router/index.js:317:13)
    at /Users/franzmedrano/Documents/Workspace/Projects/Reports-Project/app/jsreport/node_modules/express/lib/router/index.js:284:7
    at Function.process_params (/Users/franzmedrano/Documents/Workspace/Projects/Reports-Project/app/jsreport/node_modules/express/lib/router/index.js:335:12)
    at next (/Users/franzmedrano/Documents/Workspace/Projects/Reports-Project/app/jsreport/node_modules/express/lib/router/index.js:275:10)
    at /Users/franzmedrano/Documents/Workspace/Projects/Reports-Project/app/jsreport/node_modules/jsreport-express/lib/reporter.express.js:188:5
    at Layer.handle [as handle_request] (/Users/franzmedrano/Documents/Workspace/Projects/Reports-Project/app/jsreport/node_modules/express/lib/router/layer.js:95:5)
    at trim_prefix (/Users/franzmedrano/Documents/Workspace/Projects/Reports-Project/app/jsreport/node_modules/express/lib/router/index.js:317:13)
    at /Users/franzmedrano/Documents/Workspace/Projects/Reports-Project/app/jsreport/node_modules/express/lib/router/index.js:284:7
    at Function.process_params (/Users/franzmedrano/Documents/Workspace/Projects/Reports-Project/app/jsreport/node_modules/express/lib/router/index.js:335:12)
    at next (/Users/franzmedrano/Documents/Workspace/Projects/Reports-Project/app/jsreport/node_modules/express/lib/router/index.js:275:10)
    at cors (/Users/franzmedrano/Documents/Workspace/Projects/Reports-Project/app/jsreport/node_modules/cors/lib/index.js:188:7)
    at /Users/franzmedrano/Documents/Workspace/Projects/Reports-Project/app/jsreport/node_modules/cors/lib/index.js:224:17
    at originCallback (/Users/franzmedrano/Documents/Workspace/Projects/Reports-Project/app/jsreport/node_modules/cors/lib/index.js:214:15)
    at /Users/franzmedrano/Documents/Workspace/Projects/Reports-Project/app/jsreport/node_modules/cors/lib/index.js:219:13
    at optionsCallback (/Users/franzmedrano/Documents/Workspace/Projects/Reports-Project/app/jsreport/node_modules/cors/lib/index.js:199:9)
    at corsMiddleware (/Users/franzmedrano/Documents/Workspace/Projects/Reports-Project/app/jsreport/node_modules/cors/lib/index.js:204:7)
2020-03-09T19:06:40.148Z - error: Error during processing request at http://localhost:5488/api/report/invoice-main, details: SyntaxError: Unexpected string in JSON at position 71
    at JSON.parse (<anonymous>)
    at normalizeJSONData (/Users/franzmedrano/Documents/Workspace/Projects/Reports-Project/app/jsreport/node_modules/jsreport-core/lib/render/request.js:47:17)
    at module.exports (/Users/franzmedrano/Documents/Workspace/Projects/Reports-Project/app/jsreport/node_modules/jsreport-core/lib/render/request.js:30:23)
    at module.exports (/Users/franzmedrano/Documents/Workspace/Projects/Reports-Project/app/jsreport/node_modules/jsreport-core/lib/render/render.js:114:19)
    at Reporter.render (/Users/franzmedrano/Documents/Workspace/Projects/Reports-Project/app/jsreport/node_modules/jsreport-core/lib/reporter.js:320:12)
    at Object.reporter.express.render (/Users/franzmedrano/Documents/Workspace/Projects/Reports-Project/app/jsreport/node_modules/jsreport-express/lib/routes.js:42:14)
    at /Users/franzmedrano/Documents/Workspace/Projects/Reports-Project/app/jsreport/node_modules/jsreport-express/lib/routes.js:75:22
    at Layer.handle [as handle_request] (/Users/franzmedrano/Documents/Workspace/Projects/Reports-Project/app/jsreport/node_modules/express/lib/router/layer.js:95:5)
    at next (/Users/franzmedrano/Documents/Workspace/Projects/Reports-Project/app/jsreport/node_modules/express/lib/router/route.js:137:13)
    at Route.dispatch (/Users/franzmedrano/Documents/Workspace/Projects/Reports-Project/app/jsreport/node_modules/express/lib/router/route.js:112:3)
    at Layer.handle [as handle_request] (/Users/franzmedrano/Documents/Workspace/Projects/Reports-Project/app/jsreport/node_modules/express/lib/router/layer.js:95:5)
    at /Users/franzmedrano/Documents/Workspace/Projects/Reports-Project/app/jsreport/node_modules/express/lib/router/index.js:281:22
    at param (/Users/franzmedrano/Documents/Workspace/Projects/Reports-Project/app/jsreport/node_modules/express/lib/router/index.js:354:14)
    at param (/Users/franzmedrano/Documents/Workspace/Projects/Reports-Project/app/jsreport/node_modules/express/lib/router/index.js:365:14)
    at Function.process_params (/Users/franzmedrano/Documents/Workspace/Projects/Reports-Project/app/jsreport/node_modules/express/lib/router/index.js:410:3)
    at next (/Users/franzmedrano/Documents/Workspace/Projects/Reports-Project/app/jsreport/node_modules/express/lib/router/index.js:275:10)
    at /Users/franzmedrano/Documents/Workspace/Projects/Reports-Project/app/jsreport/node_modules/jsreport-express/lib/routes.js:17:5
    at Layer.handle [as handle_request] (/Users/franzmedrano/Documents/Workspace/Projects/Reports-Project/app/jsreport/node_modules/express/lib/router/layer.js:95:5)
    at trim_prefix (/Users/franzmedrano/Documents/Workspace/Projects/Reports-Project/app/jsreport/node_modules/express/lib/router/index.js:317:13)
    at /Users/franzmedrano/Documents/Workspace/Projects/Reports-Project/app/jsreport/node_modules/express/lib/router/index.js:284:7
    at Function.process_params (/Users/franzmedrano/Documents/Workspace/Projects/Reports-Project/app/jsreport/node_modules/express/lib/router/index.js:335:12)
    at next (/Users/franzmedrano/Documents/Workspace/Projects/Reports-Project/app/jsreport/node_modules/express/lib/router/index.js:275:10)
    at /Users/franzmedrano/Documents/Workspace/Projects/Reports-Project/app/jsreport/node_modules/jsreport-studio/lib/studio.js:446:7
    at Layer.handle [as handle_request] (/Users/franzmedrano/Documents/Workspace/Projects/Reports-Project/app/jsreport/node_modules/express/lib/router/layer.js:95:5)
    at trim_prefix (/Users/franzmedrano/Documents/Workspace/Projects/Reports-Project/app/jsreport/node_modules/express/lib/router/index.js:317:13)
    at /Users/franzmedrano/Documents/Workspace/Projects/Reports-Project/app/jsreport/node_modules/express/lib/router/index.js:284:7
    at Function.process_params (/Users/franzmedrano/Documents/Workspace/Projects/Reports-Project/app/jsreport/node_modules/express/lib/router/index.js:335:12)
    at next (/Users/franzmedrano/Documents/Workspace/Projects/Reports-Project/app/jsreport/node_modules/express/lib/router/index.js:275:10)
    at /Users/franzmedrano/Documents/Workspace/Projects/Reports-Project/app/jsreport/node_modules/jsreport-express/lib/reporter.express.js:188:5
    at Layer.handle [as handle_request] (/Users/franzmedrano/Documents/Workspace/Projects/Reports-Project/app/jsreport/node_modules/express/lib/router/layer.js:95:5)
    at trim_prefix (/Users/franzmedrano/Documents/Workspace/Projects/Reports-Project/app/jsreport/node_modules/express/lib/router/index.js:317:13)
    at /Users/franzmedrano/Documents/Workspace/Projects/Reports-Project/app/jsreport/node_modules/express/lib/router/index.js:284:7
    at Function.process_params (/Users/franzmedrano/Documents/Workspace/Projects/Reports-Project/app/jsreport/node_modules/express/lib/router/index.js:335:12)
    at next (/Users/franzmedrano/Documents/Workspace/Projects/Reports-Project/app/jsreport/node_modules/express/lib/router/index.js:275:10)
    at cors (/Users/franzmedrano/Documents/Workspace/Projects/Reports-Project/app/jsreport/node_modules/cors/lib/index.js:188:7)
    at /Users/franzmedrano/Documents/Workspace/Projects/Reports-Project/app/jsreport/node_modules/cors/lib/index.js:224:17
    at originCallback (/Users/franzmedrano/Documents/Workspace/Projects/Reports-Project/app/jsreport/node_modules/cors/lib/index.js:214:15)
    at /Users/franzmedrano/Documents/Workspace/Projects/Reports-Project/app/jsreport/node_modules/cors/lib/index.js:219:13
    at optionsCallback (/Users/franzmedrano/Documents/Workspace/Projects/Reports-Project/app/jsreport/node_modules/cors/lib/index.js:199:9)
    at corsMiddleware (/Users/franzmedrano/Documents/Workspace/Projects/Reports-Project/app/jsreport/node_modules/cors/lib/index.js:204:7)
2020-03-09T19:06:42.178Z - error: Error during processing request at http://localhost:5488/api/report/invoice-main, details: SyntaxError: Unexpected string in JSON at position 71
    at JSON.parse (<anonymous>)
    at normalizeJSONData (/Users/franzmedrano/Documents/Workspace/Projects/Reports-Project/app/jsreport/node_modules/jsreport-core/lib/render/request.js:47:17)
    at module.exports (/Users/franzmedrano/Documents/Workspace/Projects/Reports-Project/app/jsreport/node_modules/jsreport-core/lib/render/request.js:30:23)
    at module.exports (/Users/franzmedrano/Documents/Workspace/Projects/Reports-Project/app/jsreport/node_modules/jsreport-core/lib/render/render.js:114:19)
    at Reporter.render (/Users/franzmedrano/Documents/Workspace/Projects/Reports-Project/app/jsreport/node_modules/jsreport-core/lib/reporter.js:320:12)
    at Object.reporter.express.render (/Users/franzmedrano/Documents/Workspace/Projects/Reports-Project/app/jsreport/node_modules/jsreport-express/lib/routes.js:42:14)
    at /Users/franzmedrano/Documents/Workspace/Projects/Reports-Project/app/jsreport/node_modules/jsreport-express/lib/routes.js:75:22
    at Layer.handle [as handle_request] (/Users/franzmedrano/Documents/Workspace/Projects/Reports-Project/app/jsreport/node_modules/express/lib/router/layer.js:95:5)
    at next (/Users/franzmedrano/Documents/Workspace/Projects/Reports-Project/app/jsreport/node_modules/express/lib/router/route.js:137:13)
    at Route.dispatch (/Users/franzmedrano/Documents/Workspace/Projects/Reports-Project/app/jsreport/node_modules/express/lib/router/route.js:112:3)
    at Layer.handle [as handle_request] (/Users/franzmedrano/Documents/Workspace/Projects/Reports-Project/app/jsreport/node_modules/express/lib/router/layer.js:95:5)
    at /Users/franzmedrano/Documents/Workspace/Projects/Reports-Project/app/jsreport/node_modules/express/lib/router/index.js:281:22
    at param (/Users/franzmedrano/Documents/Workspace/Projects/Reports-Project/app/jsreport/node_modules/express/lib/router/index.js:354:14)
    at param (/Users/franzmedrano/Documents/Workspace/Projects/Reports-Project/app/jsreport/node_modules/express/lib/router/index.js:365:14)
    at Function.process_params (/Users/franzmedrano/Documents/Workspace/Projects/Reports-Project/app/jsreport/node_modules/express/lib/router/index.js:410:3)
    at next (/Users/franzmedrano/Documents/Workspace/Projects/Reports-Project/app/jsreport/node_modules/express/lib/router/index.js:275:10)
    at /Users/franzmedrano/Documents/Workspace/Projects/Reports-Project/app/jsreport/node_modules/jsreport-express/lib/routes.js:17:5
    at Layer.handle [as handle_request] (/Users/franzmedrano/Documents/Workspace/Projects/Reports-Project/app/jsreport/node_modules/express/lib/router/layer.js:95:5)
    at trim_prefix (/Users/franzmedrano/Documents/Workspace/Projects/Reports-Project/app/jsreport/node_modules/express/lib/router/index.js:317:13)
    at /Users/franzmedrano/Documents/Workspace/Projects/Reports-Project/app/jsreport/node_modules/express/lib/router/index.js:284:7
    at Function.process_params (/Users/franzmedrano/Documents/Workspace/Projects/Reports-Project/app/jsreport/node_modules/express/lib/router/index.js:335:12)
    at next (/Users/franzmedrano/Documents/Workspace/Projects/Reports-Project/app/jsreport/node_modules/express/lib/router/index.js:275:10)
    at /Users/franzmedrano/Documents/Workspace/Projects/Reports-Project/app/jsreport/node_modules/jsreport-studio/lib/studio.js:446:7
    at Layer.handle [as handle_request] (/Users/franzmedrano/Documents/Workspace/Projects/Reports-Project/app/jsreport/node_modules/express/lib/router/layer.js:95:5)
    at trim_prefix (/Users/franzmedrano/Documents/Workspace/Projects/Reports-Project/app/jsreport/node_modules/express/lib/router/index.js:317:13)
    at /Users/franzmedrano/Documents/Workspace/Projects/Reports-Project/app/jsreport/node_modules/express/lib/router/index.js:284:7
    at Function.process_params (/Users/franzmedrano/Documents/Workspace/Projects/Reports-Project/app/jsreport/node_modules/express/lib/router/index.js:335:12)
    at next (/Users/franzmedrano/Documents/Workspace/Projects/Reports-Project/app/jsreport/node_modules/express/lib/router/index.js:275:10)
    at /Users/franzmedrano/Documents/Workspace/Projects/Reports-Project/app/jsreport/node_modules/jsreport-express/lib/reporter.express.js:188:5
    at Layer.handle [as handle_request] (/Users/franzmedrano/Documents/Workspace/Projects/Reports-Project/app/jsreport/node_modules/express/lib/router/layer.js:95:5)
    at trim_prefix (/Users/franzmedrano/Documents/Workspace/Projects/Reports-Project/app/jsreport/node_modules/express/lib/router/index.js:317:13)
    at /Users/franzmedrano/Documents/Workspace/Projects/Reports-Project/app/jsreport/node_modules/express/lib/router/index.js:284:7
    at Function.process_params (/Users/franzmedrano/Documents/Workspace/Projects/Reports-Project/app/jsreport/node_modules/express/lib/router/index.js:335:12)
    at next (/Users/franzmedrano/Documents/Workspace/Projects/Reports-Project/app/jsreport/node_modules/express/lib/router/index.js:275:10)
    at cors (/Users/franzmedrano/Documents/Workspace/Projects/Reports-Project/app/jsreport/node_modules/cors/lib/index.js:188:7)
    at /Users/franzmedrano/Documents/Workspace/Projects/Reports-Project/app/jsreport/node_modules/cors/lib/index.js:224:17
    at originCallback (/Users/franzmedrano/Documents/Workspace/Projects/Reports-Project/app/jsreport/node_modules/cors/lib/index.js:214:15)
    at /Users/franzmedrano/Documents/Workspace/Projects/Reports-Project/app/jsreport/node_modules/cors/lib/index.js:219:13
    at optionsCallback (/Users/franzmedrano/Documents/Workspace/Projects/Reports-Project/app/jsreport/node_modules/cors/lib/index.js:199:9)
    at corsMiddleware (/Users/franzmedrano/Documents/Workspace/Projects/Reports-Project/app/jsreport/node_modules/cors/lib/index.js:204:7)
2020-03-09T19:56:47.608Z - error: Error during processing request at http://localhost:5488/api/report/invoice-main, details: SyntaxError: Unexpected end of JSON input
    at JSON.parse (<anonymous>)
    at normalizeJSONData (/Users/franzmedrano/Documents/Workspace/Projects/Reports-Project/app/jsreport/node_modules/jsreport-core/lib/render/request.js:47:17)
    at module.exports (/Users/franzmedrano/Documents/Workspace/Projects/Reports-Project/app/jsreport/node_modules/jsreport-core/lib/render/request.js:30:23)
    at module.exports (/Users/franzmedrano/Documents/Workspace/Projects/Reports-Project/app/jsreport/node_modules/jsreport-core/lib/render/render.js:114:19)
    at Reporter.render (/Users/franzmedrano/Documents/Workspace/Projects/Reports-Project/app/jsreport/node_modules/jsreport-core/lib/reporter.js:320:12)
    at Object.reporter.express.render (/Users/franzmedrano/Documents/Workspace/Projects/Reports-Project/app/jsreport/node_modules/jsreport-express/lib/routes.js:42:14)
    at /Users/franzmedrano/Documents/Workspace/Projects/Reports-Project/app/jsreport/node_modules/jsreport-express/lib/routes.js:75:22
    at Layer.handle [as handle_request] (/Users/franzmedrano/Documents/Workspace/Projects/Reports-Project/app/jsreport/node_modules/express/lib/router/layer.js:95:5)
    at next (/Users/franzmedrano/Documents/Workspace/Projects/Reports-Project/app/jsreport/node_modules/express/lib/router/route.js:137:13)
    at Route.dispatch (/Users/franzmedrano/Documents/Workspace/Projects/Reports-Project/app/jsreport/node_modules/express/lib/router/route.js:112:3)
    at Layer.handle [as handle_request] (/Users/franzmedrano/Documents/Workspace/Projects/Reports-Project/app/jsreport/node_modules/express/lib/router/layer.js:95:5)
    at /Users/franzmedrano/Documents/Workspace/Projects/Reports-Project/app/jsreport/node_modules/express/lib/router/index.js:281:22
    at param (/Users/franzmedrano/Documents/Workspace/Projects/Reports-Project/app/jsreport/node_modules/express/lib/router/index.js:354:14)
    at param (/Users/franzmedrano/Documents/Workspace/Projects/Reports-Project/app/jsreport/node_modules/express/lib/router/index.js:365:14)
    at Function.process_params (/Users/franzmedrano/Documents/Workspace/Projects/Reports-Project/app/jsreport/node_modules/express/lib/router/index.js:410:3)
    at next (/Users/franzmedrano/Documents/Workspace/Projects/Reports-Project/app/jsreport/node_modules/express/lib/router/index.js:275:10)
    at /Users/franzmedrano/Documents/Workspace/Projects/Reports-Project/app/jsreport/node_modules/jsreport-express/lib/routes.js:17:5
    at Layer.handle [as handle_request] (/Users/franzmedrano/Documents/Workspace/Projects/Reports-Project/app/jsreport/node_modules/express/lib/router/layer.js:95:5)
    at trim_prefix (/Users/franzmedrano/Documents/Workspace/Projects/Reports-Project/app/jsreport/node_modules/express/lib/router/index.js:317:13)
    at /Users/franzmedrano/Documents/Workspace/Projects/Reports-Project/app/jsreport/node_modules/express/lib/router/index.js:284:7
    at Function.process_params (/Users/franzmedrano/Documents/Workspace/Projects/Reports-Project/app/jsreport/node_modules/express/lib/router/index.js:335:12)
    at next (/Users/franzmedrano/Documents/Workspace/Projects/Reports-Project/app/jsreport/node_modules/express/lib/router/index.js:275:10)
    at /Users/franzmedrano/Documents/Workspace/Projects/Reports-Project/app/jsreport/node_modules/jsreport-studio/lib/studio.js:446:7
    at Layer.handle [as handle_request] (/Users/franzmedrano/Documents/Workspace/Projects/Reports-Project/app/jsreport/node_modules/express/lib/router/layer.js:95:5)
    at trim_prefix (/Users/franzmedrano/Documents/Workspace/Projects/Reports-Project/app/jsreport/node_modules/express/lib/router/index.js:317:13)
    at /Users/franzmedrano/Documents/Workspace/Projects/Reports-Project/app/jsreport/node_modules/express/lib/router/index.js:284:7
    at Function.process_params (/Users/franzmedrano/Documents/Workspace/Projects/Reports-Project/app/jsreport/node_modules/express/lib/router/index.js:335:12)
    at next (/Users/franzmedrano/Documents/Workspace/Projects/Reports-Project/app/jsreport/node_modules/express/lib/router/index.js:275:10)
    at /Users/franzmedrano/Documents/Workspace/Projects/Reports-Project/app/jsreport/node_modules/jsreport-express/lib/reporter.express.js:188:5
    at Layer.handle [as handle_request] (/Users/franzmedrano/Documents/Workspace/Projects/Reports-Project/app/jsreport/node_modules/express/lib/router/layer.js:95:5)
    at trim_prefix (/Users/franzmedrano/Documents/Workspace/Projects/Reports-Project/app/jsreport/node_modules/express/lib/router/index.js:317:13)
    at /Users/franzmedrano/Documents/Workspace/Projects/Reports-Project/app/jsreport/node_modules/express/lib/router/index.js:284:7
    at Function.process_params (/Users/franzmedrano/Documents/Workspace/Projects/Reports-Project/app/jsreport/node_modules/express/lib/router/index.js:335:12)
    at next (/Users/franzmedrano/Documents/Workspace/Projects/Reports-Project/app/jsreport/node_modules/express/lib/router/index.js:275:10)
    at cors (/Users/franzmedrano/Documents/Workspace/Projects/Reports-Project/app/jsreport/node_modules/cors/lib/index.js:188:7)
    at /Users/franzmedrano/Documents/Workspace/Projects/Reports-Project/app/jsreport/node_modules/cors/lib/index.js:224:17
    at originCallback (/Users/franzmedrano/Documents/Workspace/Projects/Reports-Project/app/jsreport/node_modules/cors/lib/index.js:214:15)
    at /Users/franzmedrano/Documents/Workspace/Projects/Reports-Project/app/jsreport/node_modules/cors/lib/index.js:219:13
    at optionsCallback (/Users/franzmedrano/Documents/Workspace/Projects/Reports-Project/app/jsreport/node_modules/cors/lib/index.js:199:9)
    at corsMiddleware (/Users/franzmedrano/Documents/Workspace/Projects/Reports-Project/app/jsreport/node_modules/cors/lib/index.js:204:7)
2020-03-09T19:57:13.068Z - error: Error during processing request at http://localhost:5488/api/report/invoice-main, details: SyntaxError: Unexpected end of JSON input
    at JSON.parse (<anonymous>)
    at normalizeJSONData (/Users/franzmedrano/Documents/Workspace/Projects/Reports-Project/app/jsreport/node_modules/jsreport-core/lib/render/request.js:47:17)
    at module.exports (/Users/franzmedrano/Documents/Workspace/Projects/Reports-Project/app/jsreport/node_modules/jsreport-core/lib/render/request.js:30:23)
    at module.exports (/Users/franzmedrano/Documents/Workspace/Projects/Reports-Project/app/jsreport/node_modules/jsreport-core/lib/render/render.js:114:19)
    at Reporter.render (/Users/franzmedrano/Documents/Workspace/Projects/Reports-Project/app/jsreport/node_modules/jsreport-core/lib/reporter.js:320:12)
    at Object.reporter.express.render (/Users/franzmedrano/Documents/Workspace/Projects/Reports-Project/app/jsreport/node_modules/jsreport-express/lib/routes.js:42:14)
    at /Users/franzmedrano/Documents/Workspace/Projects/Reports-Project/app/jsreport/node_modules/jsreport-express/lib/routes.js:75:22
    at Layer.handle [as handle_request] (/Users/franzmedrano/Documents/Workspace/Projects/Reports-Project/app/jsreport/node_modules/express/lib/router/layer.js:95:5)
    at next (/Users/franzmedrano/Documents/Workspace/Projects/Reports-Project/app/jsreport/node_modules/express/lib/router/route.js:137:13)
    at Route.dispatch (/Users/franzmedrano/Documents/Workspace/Projects/Reports-Project/app/jsreport/node_modules/express/lib/router/route.js:112:3)
    at Layer.handle [as handle_request] (/Users/franzmedrano/Documents/Workspace/Projects/Reports-Project/app/jsreport/node_modules/express/lib/router/layer.js:95:5)
    at /Users/franzmedrano/Documents/Workspace/Projects/Reports-Project/app/jsreport/node_modules/express/lib/router/index.js:281:22
    at param (/Users/franzmedrano/Documents/Workspace/Projects/Reports-Project/app/jsreport/node_modules/express/lib/router/index.js:354:14)
    at param (/Users/franzmedrano/Documents/Workspace/Projects/Reports-Project/app/jsreport/node_modules/express/lib/router/index.js:365:14)
    at Function.process_params (/Users/franzmedrano/Documents/Workspace/Projects/Reports-Project/app/jsreport/node_modules/express/lib/router/index.js:410:3)
    at next (/Users/franzmedrano/Documents/Workspace/Projects/Reports-Project/app/jsreport/node_modules/express/lib/router/index.js:275:10)
    at /Users/franzmedrano/Documents/Workspace/Projects/Reports-Project/app/jsreport/node_modules/jsreport-express/lib/routes.js:17:5
    at Layer.handle [as handle_request] (/Users/franzmedrano/Documents/Workspace/Projects/Reports-Project/app/jsreport/node_modules/express/lib/router/layer.js:95:5)
    at trim_prefix (/Users/franzmedrano/Documents/Workspace/Projects/Reports-Project/app/jsreport/node_modules/express/lib/router/index.js:317:13)
    at /Users/franzmedrano/Documents/Workspace/Projects/Reports-Project/app/jsreport/node_modules/express/lib/router/index.js:284:7
    at Function.process_params (/Users/franzmedrano/Documents/Workspace/Projects/Reports-Project/app/jsreport/node_modules/express/lib/router/index.js:335:12)
    at next (/Users/franzmedrano/Documents/Workspace/Projects/Reports-Project/app/jsreport/node_modules/express/lib/router/index.js:275:10)
    at /Users/franzmedrano/Documents/Workspace/Projects/Reports-Project/app/jsreport/node_modules/jsreport-studio/lib/studio.js:446:7
    at Layer.handle [as handle_request] (/Users/franzmedrano/Documents/Workspace/Projects/Reports-Project/app/jsreport/node_modules/express/lib/router/layer.js:95:5)
    at trim_prefix (/Users/franzmedrano/Documents/Workspace/Projects/Reports-Project/app/jsreport/node_modules/express/lib/router/index.js:317:13)
    at /Users/franzmedrano/Documents/Workspace/Projects/Reports-Project/app/jsreport/node_modules/express/lib/router/index.js:284:7
    at Function.process_params (/Users/franzmedrano/Documents/Workspace/Projects/Reports-Project/app/jsreport/node_modules/express/lib/router/index.js:335:12)
    at next (/Users/franzmedrano/Documents/Workspace/Projects/Reports-Project/app/jsreport/node_modules/express/lib/router/index.js:275:10)
    at /Users/franzmedrano/Documents/Workspace/Projects/Reports-Project/app/jsreport/node_modules/jsreport-express/lib/reporter.express.js:188:5
    at Layer.handle [as handle_request] (/Users/franzmedrano/Documents/Workspace/Projects/Reports-Project/app/jsreport/node_modules/express/lib/router/layer.js:95:5)
    at trim_prefix (/Users/franzmedrano/Documents/Workspace/Projects/Reports-Project/app/jsreport/node_modules/express/lib/router/index.js:317:13)
    at /Users/franzmedrano/Documents/Workspace/Projects/Reports-Project/app/jsreport/node_modules/express/lib/router/index.js:284:7
    at Function.process_params (/Users/franzmedrano/Documents/Workspace/Projects/Reports-Project/app/jsreport/node_modules/express/lib/router/index.js:335:12)
    at next (/Users/franzmedrano/Documents/Workspace/Projects/Reports-Project/app/jsreport/node_modules/express/lib/router/index.js:275:10)
    at cors (/Users/franzmedrano/Documents/Workspace/Projects/Reports-Project/app/jsreport/node_modules/cors/lib/index.js:188:7)
    at /Users/franzmedrano/Documents/Workspace/Projects/Reports-Project/app/jsreport/node_modules/cors/lib/index.js:224:17
    at originCallback (/Users/franzmedrano/Documents/Workspace/Projects/Reports-Project/app/jsreport/node_modules/cors/lib/index.js:214:15)
    at /Users/franzmedrano/Documents/Workspace/Projects/Reports-Project/app/jsreport/node_modules/cors/lib/index.js:219:13
    at optionsCallback (/Users/franzmedrano/Documents/Workspace/Projects/Reports-Project/app/jsreport/node_modules/cors/lib/index.js:199:9)
    at corsMiddleware (/Users/franzmedrano/Documents/Workspace/Projects/Reports-Project/app/jsreport/node_modules/cors/lib/index.js:204:7)
2020-03-09T19:57:55.966Z - error: Error during processing request at http://localhost:5488/api/report/invoice-main, details: SyntaxError: Unexpected end of JSON input
    at JSON.parse (<anonymous>)
    at normalizeJSONData (/Users/franzmedrano/Documents/Workspace/Projects/Reports-Project/app/jsreport/node_modules/jsreport-core/lib/render/request.js:47:17)
    at module.exports (/Users/franzmedrano/Documents/Workspace/Projects/Reports-Project/app/jsreport/node_modules/jsreport-core/lib/render/request.js:30:23)
    at module.exports (/Users/franzmedrano/Documents/Workspace/Projects/Reports-Project/app/jsreport/node_modules/jsreport-core/lib/render/render.js:114:19)
    at Reporter.render (/Users/franzmedrano/Documents/Workspace/Projects/Reports-Project/app/jsreport/node_modules/jsreport-core/lib/reporter.js:320:12)
    at Object.reporter.express.render (/Users/franzmedrano/Documents/Workspace/Projects/Reports-Project/app/jsreport/node_modules/jsreport-express/lib/routes.js:42:14)
    at /Users/franzmedrano/Documents/Workspace/Projects/Reports-Project/app/jsreport/node_modules/jsreport-express/lib/routes.js:75:22
    at Layer.handle [as handle_request] (/Users/franzmedrano/Documents/Workspace/Projects/Reports-Project/app/jsreport/node_modules/express/lib/router/layer.js:95:5)
    at next (/Users/franzmedrano/Documents/Workspace/Projects/Reports-Project/app/jsreport/node_modules/express/lib/router/route.js:137:13)
    at Route.dispatch (/Users/franzmedrano/Documents/Workspace/Projects/Reports-Project/app/jsreport/node_modules/express/lib/router/route.js:112:3)
    at Layer.handle [as handle_request] (/Users/franzmedrano/Documents/Workspace/Projects/Reports-Project/app/jsreport/node_modules/express/lib/router/layer.js:95:5)
    at /Users/franzmedrano/Documents/Workspace/Projects/Reports-Project/app/jsreport/node_modules/express/lib/router/index.js:281:22
    at param (/Users/franzmedrano/Documents/Workspace/Projects/Reports-Project/app/jsreport/node_modules/express/lib/router/index.js:354:14)
    at param (/Users/franzmedrano/Documents/Workspace/Projects/Reports-Project/app/jsreport/node_modules/express/lib/router/index.js:365:14)
    at Function.process_params (/Users/franzmedrano/Documents/Workspace/Projects/Reports-Project/app/jsreport/node_modules/express/lib/router/index.js:410:3)
    at next (/Users/franzmedrano/Documents/Workspace/Projects/Reports-Project/app/jsreport/node_modules/express/lib/router/index.js:275:10)
    at /Users/franzmedrano/Documents/Workspace/Projects/Reports-Project/app/jsreport/node_modules/jsreport-express/lib/routes.js:17:5
    at Layer.handle [as handle_request] (/Users/franzmedrano/Documents/Workspace/Projects/Reports-Project/app/jsreport/node_modules/express/lib/router/layer.js:95:5)
    at trim_prefix (/Users/franzmedrano/Documents/Workspace/Projects/Reports-Project/app/jsreport/node_modules/express/lib/router/index.js:317:13)
    at /Users/franzmedrano/Documents/Workspace/Projects/Reports-Project/app/jsreport/node_modules/express/lib/router/index.js:284:7
    at Function.process_params (/Users/franzmedrano/Documents/Workspace/Projects/Reports-Project/app/jsreport/node_modules/express/lib/router/index.js:335:12)
    at next (/Users/franzmedrano/Documents/Workspace/Projects/Reports-Project/app/jsreport/node_modules/express/lib/router/index.js:275:10)
    at /Users/franzmedrano/Documents/Workspace/Projects/Reports-Project/app/jsreport/node_modules/jsreport-studio/lib/studio.js:446:7
    at Layer.handle [as handle_request] (/Users/franzmedrano/Documents/Workspace/Projects/Reports-Project/app/jsreport/node_modules/express/lib/router/layer.js:95:5)
    at trim_prefix (/Users/franzmedrano/Documents/Workspace/Projects/Reports-Project/app/jsreport/node_modules/express/lib/router/index.js:317:13)
    at /Users/franzmedrano/Documents/Workspace/Projects/Reports-Project/app/jsreport/node_modules/express/lib/router/index.js:284:7
    at Function.process_params (/Users/franzmedrano/Documents/Workspace/Projects/Reports-Project/app/jsreport/node_modules/express/lib/router/index.js:335:12)
    at next (/Users/franzmedrano/Documents/Workspace/Projects/Reports-Project/app/jsreport/node_modules/express/lib/router/index.js:275:10)
    at /Users/franzmedrano/Documents/Workspace/Projects/Reports-Project/app/jsreport/node_modules/jsreport-express/lib/reporter.express.js:188:5
    at Layer.handle [as handle_request] (/Users/franzmedrano/Documents/Workspace/Projects/Reports-Project/app/jsreport/node_modules/express/lib/router/layer.js:95:5)
    at trim_prefix (/Users/franzmedrano/Documents/Workspace/Projects/Reports-Project/app/jsreport/node_modules/express/lib/router/index.js:317:13)
    at /Users/franzmedrano/Documents/Workspace/Projects/Reports-Project/app/jsreport/node_modules/express/lib/router/index.js:284:7
    at Function.process_params (/Users/franzmedrano/Documents/Workspace/Projects/Reports-Project/app/jsreport/node_modules/express/lib/router/index.js:335:12)
    at next (/Users/franzmedrano/Documents/Workspace/Projects/Reports-Project/app/jsreport/node_modules/express/lib/router/index.js:275:10)
    at cors (/Users/franzmedrano/Documents/Workspace/Projects/Reports-Project/app/jsreport/node_modules/cors/lib/index.js:188:7)
    at /Users/franzmedrano/Documents/Workspace/Projects/Reports-Project/app/jsreport/node_modules/cors/lib/index.js:224:17
    at originCallback (/Users/franzmedrano/Documents/Workspace/Projects/Reports-Project/app/jsreport/node_modules/cors/lib/index.js:214:15)
    at /Users/franzmedrano/Documents/Workspace/Projects/Reports-Project/app/jsreport/node_modules/cors/lib/index.js:219:13
    at optionsCallback (/Users/franzmedrano/Documents/Workspace/Projects/Reports-Project/app/jsreport/node_modules/cors/lib/index.js:199:9)
    at corsMiddleware (/Users/franzmedrano/Documents/Workspace/Projects/Reports-Project/app/jsreport/node_modules/cors/lib/index.js:204:7)
2020-03-09T20:41:14.976Z - error: Error when starting http server on port 5488 Error: listen EADDRINUSE: address already in use :::5488
    at Server.setupListenHandle [as _listen2] (net.js:1309:16)
    at listenInCluster (net.js:1357:12)
    at Server.listen (net.js:1445:7)
    at /Users/franzmedrano/Documents/Workspace/Projects/Reports-Project/app/jsreport/node_modules/jsreport-express/lib/reporter.express.js:23:12
    at Promise._execute (/Users/franzmedrano/Documents/Workspace/Projects/Reports-Project/app/jsreport/node_modules/bluebird/js/release/debuggability.js:313:9)
    at Promise._resolveFromExecutor (/Users/franzmedrano/Documents/Workspace/Projects/Reports-Project/app/jsreport/node_modules/bluebird/js/release/promise.js:483:18)
    at new Promise (/Users/franzmedrano/Documents/Workspace/Projects/Reports-Project/app/jsreport/node_modules/bluebird/js/release/promise.js:79:10)
    at startAsync (/Users/franzmedrano/Documents/Workspace/Projects/Reports-Project/app/jsreport/node_modules/jsreport-express/lib/reporter.express.js:17:10)
    at /Users/franzmedrano/Documents/Workspace/Projects/Reports-Project/app/jsreport/node_modules/jsreport-express/lib/reporter.express.js:51:14
    at Object.start (/Users/franzmedrano/Documents/Workspace/Projects/Reports-Project/app/jsreport/node_modules/jsreport-express/lib/reporter.express.js:125:13)
    at Object.<anonymous> (/Users/franzmedrano/Documents/Workspace/Projects/Reports-Project/app/jsreport/node_modules/jsreport-express/lib/reporter.express.js:317:30)
    at processTicksAndRejections (internal/process/task_queues.js:97:5)
2020-03-10T04:47:34.908Z - error: Error when starting http server on port 5488 Error: listen EADDRINUSE: address already in use :::5488
    at Server.setupListenHandle [as _listen2] (net.js:1309:16)
    at listenInCluster (net.js:1357:12)
    at Server.listen (net.js:1445:7)
    at /Users/franzmedrano/Documents/Workspace/Projects/Reports-Project/app/jsreport/node_modules/jsreport-express/lib/reporter.express.js:23:12
    at Promise._execute (/Users/franzmedrano/Documents/Workspace/Projects/Reports-Project/app/jsreport/node_modules/bluebird/js/release/debuggability.js:313:9)
    at Promise._resolveFromExecutor (/Users/franzmedrano/Documents/Workspace/Projects/Reports-Project/app/jsreport/node_modules/bluebird/js/release/promise.js:483:18)
    at new Promise (/Users/franzmedrano/Documents/Workspace/Projects/Reports-Project/app/jsreport/node_modules/bluebird/js/release/promise.js:79:10)
    at startAsync (/Users/franzmedrano/Documents/Workspace/Projects/Reports-Project/app/jsreport/node_modules/jsreport-express/lib/reporter.express.js:17:10)
    at /Users/franzmedrano/Documents/Workspace/Projects/Reports-Project/app/jsreport/node_modules/jsreport-express/lib/reporter.express.js:51:14
    at Object.start (/Users/franzmedrano/Documents/Workspace/Projects/Reports-Project/app/jsreport/node_modules/jsreport-express/lib/reporter.express.js:125:13)
    at Object.<anonymous> (/Users/franzmedrano/Documents/Workspace/Projects/Reports-Project/app/jsreport/node_modules/jsreport-express/lib/reporter.express.js:317:30)
    at processTicksAndRejections (internal/process/task_queues.js:97:5)
2020-03-14T13:43:28.150Z - error: Error when processing OData POST: /odata/templates Error: Duplicated entry for key invoice-main(clone)
    at persist (/Users/franzmedrano/Documents/Workspace/Projects/Reports-Project/app/jsreport/node_modules/jsreport-fs-store/lib/persistence.js:165:11)
    at async /Users/franzmedrano/Documents/Workspace/Projects/Reports-Project/app/jsreport/node_modules/jsreport-fs-store/lib/provider.js:141:9
    at async lock (/Users/franzmedrano/Documents/Workspace/Projects/Reports-Project/app/jsreport/node_modules/jsreport-fs-store/lib/customUtils.js:145:12)
